2025-09-05T11:48:27.862Z error: Login error for email cherith@example.com: PrismaClientKnownRequestError: 
Invalid `prisma.user.findUnique()` invocation in
/home/mithu/sih2025/server.js:103:36

  100 const password = parsed.data.password;
  101 
  102 try {
→ 103   const user = await prisma.user.findUnique(
The column `User.updatedAt` does not exist in the current database.
    at ei.handleRequestError (/home/mithu/sih2025/generated/prisma/runtime/library.js:124:7283)
    at ei.handleAndLogRequestError (/home/mithu/sih2025/generated/prisma/runtime/library.js:124:6608)
    at ei.request (/home/mithu/sih2025/generated/prisma/runtime/library.js:124:6315)
    at async a (/home/mithu/sih2025/generated/prisma/runtime/library.js:133:9551)
    at async /home/mithu/sih2025/server.js:103:18
2025-09-05T11:48:51.599Z error: Login error for email cherith@example.com: PrismaClientKnownRequestError: 
Invalid `prisma.user.findUnique()` invocation in
/home/mithu/sih2025/server.js:103:36

  100 const password = parsed.data.password;
  101 
  102 try {
→ 103   const user = await prisma.user.findUnique(
The column `User.updatedAt` does not exist in the current database.
    at ei.handleRequestError (/home/mithu/sih2025/generated/prisma/runtime/library.js:124:7283)
    at ei.handleAndLogRequestError (/home/mithu/sih2025/generated/prisma/runtime/library.js:124:6608)
    at ei.request (/home/mithu/sih2025/generated/prisma/runtime/library.js:124:6315)
    at async a (/home/mithu/sih2025/generated/prisma/runtime/library.js:133:9551)
    at async /home/mithu/sih2025/server.js:103:18
2025-09-05T11:49:08.890Z error: Login error for email cherith@example.com: PrismaClientKnownRequestError: 
Invalid `prisma.user.findUnique()` invocation in
/home/mithu/sih2025/server.js:103:36

  100 const password = parsed.data.password;
  101 
  102 try {
→ 103   const user = await prisma.user.findUnique(
The column `User.updatedAt` does not exist in the current database.
    at ei.handleRequestError (/home/mithu/sih2025/generated/prisma/runtime/library.js:124:7283)
    at ei.handleAndLogRequestError (/home/mithu/sih2025/generated/prisma/runtime/library.js:124:6608)
    at ei.request (/home/mithu/sih2025/generated/prisma/runtime/library.js:124:6315)
    at async a (/home/mithu/sih2025/generated/prisma/runtime/library.js:133:9551)
    at async /home/mithu/sih2025/server.js:103:18
2025-09-05T11:50:11.610Z error: Login error for email cherith@example.com: PrismaClientKnownRequestError: 
Invalid `prisma.user.findUnique()` invocation in
/home/mithu/sih2025/server.js:103:36

  100 const password = parsed.data.password;
  101 
  102 try {
→ 103   const user = await prisma.user.findUnique(
The column `User.updatedAt` does not exist in the current database.
    at ei.handleRequestError (/home/mithu/sih2025/generated/prisma/runtime/library.js:124:7283)
    at ei.handleAndLogRequestError (/home/mithu/sih2025/generated/prisma/runtime/library.js:124:6608)
    at ei.request (/home/mithu/sih2025/generated/prisma/runtime/library.js:124:6315)
    at async a (/home/mithu/sih2025/generated/prisma/runtime/library.js:133:9551)
    at async /home/mithu/sih2025/server.js:103:18
2025-09-06T09:52:19.814Z info: User 58bfe82f-7ebf-4ebf-aa3b-a5c33a7c58cf (citizen) fetched 1 issues
2025-09-06T09:54:29.503Z info: User 58bfe82f-7ebf-4ebf-aa3b-a5c33a7c58cf (citizen) fetched 2 issues
2025-09-06T09:54:58.904Z info: User 58bfe82f-7ebf-4ebf-aa3b-a5c33a7c58cf (citizen) fetched 2 issues
2025-09-07T03:22:36.564Z info: User 58bfe82f-7ebf-4ebf-aa3b-a5c33a7c58cf (citizen) fetched 2 issues
2025-09-07T03:22:45.614Z info: User 58bfe82f-7ebf-4ebf-aa3b-a5c33a7c58cf (citizen) fetched 2 issues
2025-09-07T03:23:23.967Z info: User 58bfe82f-7ebf-4ebf-aa3b-a5c33a7c58cf (citizen) fetched 2 issues
2025-09-07T03:24:04.406Z info: User cmf6w4gmu0002cxizw7p6bcke (citizen) fetched 0 issues
2025-09-07T03:25:03.458Z info: User 58bfe82f-7ebf-4ebf-aa3b-a5c33a7c58cf (citizen) fetched 2 issues
2025-09-07T03:25:33.255Z info: User 58bfe82f-7ebf-4ebf-aa3b-a5c33a7c58cf (citizen) fetched 2 issues
2025-09-07T03:25:35.354Z info: User 58bfe82f-7ebf-4ebf-aa3b-a5c33a7c58cf (citizen) fetched 2 issues
2025-09-07T03:25:42.898Z info: User 58bfe82f-7ebf-4ebf-aa3b-a5c33a7c58cf (citizen) fetched 2 issues
2025-09-07T03:27:12.592Z info: User 58bfe82f-7ebf-4ebf-aa3b-a5c33a7c58cf (citizen) fetched 2 issues
2025-09-07T03:31:30.367Z info: User 58bfe82f-7ebf-4ebf-aa3b-a5c33a7c58cf (citizen) fetched 2 issues
2025-09-07T03:31:40.259Z info: User 58bfe82f-7ebf-4ebf-aa3b-a5c33a7c58cf (citizen) fetched 2 issues
2025-09-07T03:32:03.806Z info: User 58bfe82f-7ebf-4ebf-aa3b-a5c33a7c58cf (citizen) fetched 2 issues
2025-09-07T03:32:13.955Z info: User 58bfe82f-7ebf-4ebf-aa3b-a5c33a7c58cf (citizen) fetched 2 issues
2025-09-07T03:32:23.399Z info: User 58bfe82f-7ebf-4ebf-aa3b-a5c33a7c58cf (citizen) fetched 2 issues
2025-09-07T03:32:40.134Z info: User 58bfe82f-7ebf-4ebf-aa3b-a5c33a7c58cf (citizen) fetched 2 issues
2025-09-07T03:33:02.067Z info: User 58bfe82f-7ebf-4ebf-aa3b-a5c33a7c58cf (citizen) fetched 2 issues
2025-09-07T03:33:07.958Z info: User 58bfe82f-7ebf-4ebf-aa3b-a5c33a7c58cf (citizen) fetched 2 issues
2025-09-07T03:45:55.839Z info: User 58bfe82f-7ebf-4ebf-aa3b-a5c33a7c58cf (citizen) fetched 2 issues
2025-09-07T03:46:01.772Z info: User 58bfe82f-7ebf-4ebf-aa3b-a5c33a7c58cf (citizen) fetched 2 issues
2025-09-07T03:46:14.586Z info: User 58bfe82f-7ebf-4ebf-aa3b-a5c33a7c58cf (citizen) fetched 2 issues
2025-09-07T03:46:39.511Z info: User 58bfe82f-7ebf-4ebf-aa3b-a5c33a7c58cf (citizen) fetched 2 issues
2025-09-07T03:46:50.878Z info: User 58bfe82f-7ebf-4ebf-aa3b-a5c33a7c58cf (citizen) fetched 2 issues
2025-09-07T03:46:59.730Z info: User 58bfe82f-7ebf-4ebf-aa3b-a5c33a7c58cf (citizen) fetched 2 issues
2025-09-07T03:47:10.115Z info: User 58bfe82f-7ebf-4ebf-aa3b-a5c33a7c58cf (citizen) fetched 2 issues
2025-09-07T03:49:19.306Z info: User 58bfe82f-7ebf-4ebf-aa3b-a5c33a7c58cf (citizen) fetched 2 issues
2025-09-07T03:49:29.128Z info: User 58bfe82f-7ebf-4ebf-aa3b-a5c33a7c58cf (citizen) fetched 2 issues
2025-09-07T03:49:41.749Z info: User 58bfe82f-7ebf-4ebf-aa3b-a5c33a7c58cf (citizen) fetched 2 issues
2025-09-07T03:49:46.463Z info: User 58bfe82f-7ebf-4ebf-aa3b-a5c33a7c58cf (citizen) fetched 2 issues
2025-09-07T04:03:56.664Z info: User 58bfe82f-7ebf-4ebf-aa3b-a5c33a7c58cf (admin) fetched 3 issues
2025-09-07T04:04:00.715Z info: User 58bfe82f-7ebf-4ebf-aa3b-a5c33a7c58cf (admin) fetched 3 issues
2025-09-07T04:04:24.022Z info: User 58bfe82f-7ebf-4ebf-aa3b-a5c33a7c58cf (admin) fetched 3 issues
2025-09-07T06:15:49.310Z info: User cmf6w4gmu0002cxizw7p6bcke (citizen) fetched 0 issues
2025-09-07T06:27:10.513Z info: User 4a6786e2-f0e2-4c8a-ba84-3bdb12be909f (citizen) fetched 1 issues
2025-09-07T07:00:21.899Z info: User 58bfe82f-7ebf-4ebf-aa3b-a5c33a7c58cf (admin) fetched 3 issues
2025-09-07T07:00:34.838Z info: User 4a6786e2-f0e2-4c8a-ba84-3bdb12be909f (citizen) fetched 1 issues
2025-09-07T07:13:16.853Z info: User 58bfe82f-7ebf-4ebf-aa3b-a5c33a7c58cf (admin) fetched 3 issues
2025-09-07T07:18:12.763Z info: User 58bfe82f-7ebf-4ebf-aa3b-a5c33a7c58cf (admin) fetched 3 issues
2025-09-07T07:18:25.021Z info: User 58bfe82f-7ebf-4ebf-aa3b-a5c33a7c58cf (admin) fetched 3 issues
2025-09-07T07:20:55.065Z info: User 58bfe82f-7ebf-4ebf-aa3b-a5c33a7c58cf (admin) fetched 3 issues
2025-09-07T07:36:59.793Z info: User cmf6w4gmu0002cxizw7p6bcke (citizen) fetched 0 issues
2025-09-07T11:34:15.472Z info: User 58bfe82f-7ebf-4ebf-aa3b-a5c33a7c58cf (admin) fetched 3 issues
2025-09-07T11:49:04.167Z info: User 58bfe82f-7ebf-4ebf-aa3b-a5c33a7c58cf (admin) fetched 3 issues
2025-09-07T11:49:15.639Z info: User cmf6w4gmu0002cxizw7p6bcke (citizen) fetched 0 issues
2025-09-07T11:54:26.361Z info: User cmf6w4gmu0002cxizw7p6bcke (citizen) fetched 0 issues
2025-09-07T12:05:22.849Z info: User cmf6w4gmu0002cxizw7p6bcke (citizen) fetched 0 issues
2025-09-07T12:08:44.335Z info: User cmf6w4gmu0002cxizw7p6bcke (citizen) fetched 0 issues
2025-09-07T12:17:06.618Z info: User cmf6w4gmu0002cxizw7p6bcke (citizen) fetched 0 issues
2025-09-07T12:20:11.451Z info: User cmf6w4gmu0002cxizw7p6bcke (citizen) fetched 0 issues
2025-09-07T12:20:44.850Z info: User 58bfe82f-7ebf-4ebf-aa3b-a5c33a7c58cf (admin) fetched 4 issues
2025-09-07T12:20:58.239Z info: User 58bfe82f-7ebf-4ebf-aa3b-a5c33a7c58cf (admin) fetched 4 issues
2025-09-07T12:24:48.360Z info: User 58bfe82f-7ebf-4ebf-aa3b-a5c33a7c58cf (admin) fetched 4 issues
2025-09-07T12:26:19.868Z info: User 58bfe82f-7ebf-4ebf-aa3b-a5c33a7c58cf (admin) fetched 4 issues
2025-09-07T12:26:33.599Z info: User 58bfe82f-7ebf-4ebf-aa3b-a5c33a7c58cf (admin) fetched 4 issues
2025-09-07T12:29:08.065Z info: User cmf9o66ni0002cx4puunhr5oq (citizen) fetched 0 issues
2025-09-07T12:31:49.546Z info: User cmf9o66ni0002cx4puunhr5oq (citizen) fetched 1 issues
2025-09-07T12:32:20.014Z info: User 58bfe82f-7ebf-4ebf-aa3b-a5c33a7c58cf (admin) fetched 5 issues
2025-09-07T12:33:52.772Z info: User 4a6786e2-f0e2-4c8a-ba84-3bdb12be909f (citizen) fetched 1 issues
2025-09-07T12:35:16.619Z info: User cmf6w7egp0003cxizzypdqgun (citizen) fetched 0 issues
2025-09-07T12:35:30.398Z info: User 58bfe82f-7ebf-4ebf-aa3b-a5c33a7c58cf (admin) fetched 5 issues
2025-09-07T12:36:44.667Z info: User 58bfe82f-7ebf-4ebf-aa3b-a5c33a7c58cf (admin) fetched 5 issues
2025-09-07T12:40:49.452Z info: User 58bfe82f-7ebf-4ebf-aa3b-a5c33a7c58cf (admin) fetched 5 issues
2025-09-07T12:44:10.339Z info: User 58bfe82f-7ebf-4ebf-aa3b-a5c33a7c58cf (admin) fetched 5 issues
2025-09-07T14:18:59.085Z info: User 58bfe82f-7ebf-4ebf-aa3b-a5c33a7c58cf (admin) fetched 5 issues
2025-09-07T14:22:07.126Z info: User cmf9o66ni0002cx4puunhr5oq (citizen) fetched 1 issues
2025-09-07T15:35:54.042Z info: User cmf9o66ni0002cx4puunhr5oq (citizen) fetched 1 issues
2025-09-07T15:36:05.131Z info: User cmf9o66ni0002cx4puunhr5oq (citizen) fetched 1 issues
2025-09-07T15:36:15.177Z info: User cmf9o66ni0002cx4puunhr5oq (citizen) fetched 1 issues
2025-09-07T15:36:46.116Z info: User cmf6w4gmu0002cxizw7p6bcke (citizen) fetched 1 issues
2025-09-07T15:37:01.836Z info: User 58bfe82f-7ebf-4ebf-aa3b-a5c33a7c58cf (admin) fetched 5 issues
2025-09-08T00:58:53.977Z info: User cmf6w4gmu0002cxizw7p6bcke (citizen) fetched 1 issues
2025-09-08T06:43:00.790Z info: User cmf6w4gmu0002cxizw7p6bcke (citizen) fetched 2 issues
2025-09-08T06:43:18.319Z info: User 58bfe82f-7ebf-4ebf-aa3b-a5c33a7c58cf (admin) fetched 6 issues
2025-09-08T10:22:34.104Z info: User cmf6w4gmu0002cxizw7p6bcke (citizen) fetched 2 issues
2025-09-08T10:23:17.851Z info: User cmf6w4gmu0002cxizw7p6bcke (citizen) fetched 3 issues
2025-09-08T10:23:48.709Z info: User 58bfe82f-7ebf-4ebf-aa3b-a5c33a7c58cf (admin) fetched 7 issues
2025-09-08T10:25:07.536Z info: User cmf6w4gmu0002cxizw7p6bcke (citizen) fetched 3 issues
2025-09-08T10:28:05.649Z info: User 58bfe82f-7ebf-4ebf-aa3b-a5c33a7c58cf (admin) fetched 7 issues
2025-09-08T10:28:39.356Z info: User 58bfe82f-7ebf-4ebf-aa3b-a5c33a7c58cf (admin) fetched 7 issues
2025-09-08T10:30:48.674Z info: User 4a6786e2-f0e2-4c8a-ba84-3bdb12be909f (citizen) fetched 1 issues
2025-09-09T15:30:59.328Z info: User 58bfe82f-7ebf-4ebf-aa3b-a5c33a7c58cf (admin) fetched 7 issues
2025-09-09T15:31:17.261Z info: User 4a6786e2-f0e2-4c8a-ba84-3bdb12be909f (citizen) fetched 1 issues
2025-09-10T16:01:42.310Z info: User cmf9o66ni0002cx4puunhr5oq (citizen) fetched 1 issues
2025-09-10T16:02:29.318Z info: User cmf9o66ni0002cx4puunhr5oq (citizen) fetched 1 issues
2025-09-10T16:03:46.263Z info: User 4a6786e2-f0e2-4c8a-ba84-3bdb12be909f (citizen) fetched 1 issues
2025-09-10T16:12:36.469Z info: User 4a6786e2-f0e2-4c8a-ba84-3bdb12be909f (citizen) fetched 1 issues
2025-09-10T16:21:14.599Z info: User cmfe6sb090000jb99r0xu6v55 (citizen) fetched 0 issues
2025-09-10T16:21:33.943Z info: User cmfe6sb090000jb99r0xu6v55 (citizen) fetched 1 issues
2025-09-10T16:28:14.534Z error: Login error for email admin@example.com: TypeError: params must be in the format name=value
    at /home/mithu/sih2025/node_modules/@phc/format/index.js:19:13
    at Array.forEach (<anonymous>)
    at keyValtoObj (/home/mithu/sih2025/node_modules/@phc/format/index.js:16:18)
    at deserialize (/home/mithu/sih2025/node_modules/@phc/format/index.js:193:14)
    at Object.verify (/home/mithu/sih2025/node_modules/argon2/argon2.cjs:166:27)
    at /home/mithu/sih2025/server.js:131:32
2025-09-10T16:28:22.589Z error: Login error for email admin@example.com: TypeError: params must be in the format name=value
    at /home/mithu/sih2025/node_modules/@phc/format/index.js:19:13
    at Array.forEach (<anonymous>)
    at keyValtoObj (/home/mithu/sih2025/node_modules/@phc/format/index.js:16:18)
    at deserialize (/home/mithu/sih2025/node_modules/@phc/format/index.js:193:14)
    at Object.verify (/home/mithu/sih2025/node_modules/argon2/argon2.cjs:166:27)
    at /home/mithu/sih2025/server.js:131:32
2025-09-10T16:32:28.507Z info: User fac9801b-f967-4e66-853f-808bb6b33a0e (admin) fetched 1 issues
2025-09-10T16:44:58.842Z info: User fac9801b-f967-4e66-853f-808bb6b33a0e (admin) fetched 1 issues
2025-09-10T16:45:19.542Z info: User cmfe6sb090000jb99r0xu6v55 (citizen) fetched 1 issues
2025-09-10T16:45:54.681Z info: User cmfe6sb090000jb99r0xu6v55 (citizen) fetched 2 issues
2025-09-10T16:46:03.320Z info: User fac9801b-f967-4e66-853f-808bb6b33a0e (admin) fetched 2 issues
2025-09-10T16:46:10.066Z info: User fac9801b-f967-4e66-853f-808bb6b33a0e (admin) fetched 2 issues
2025-09-12T07:15:23.982Z info: User cmfe6sb090000jb99r0xu6v55 (citizen) fetched 2 issues
2025-09-12T07:15:57.438Z info: User cmfe6sb090000jb99r0xu6v55 (citizen) fetched 3 issues
2025-09-12T07:16:07.196Z info: User fac9801b-f967-4e66-853f-808bb6b33a0e (admin) fetched 3 issues
2025-09-12T07:53:10.271Z info: User cmfe6sb090000jb99r0xu6v55 (citizen) fetched 3 issues
2025-09-12T07:53:19.274Z info: User cmfe6sb090000jb99r0xu6v55 (citizen) fetched 3 issues
2025-09-12T08:01:49.914Z info: User cmfe6sb090000jb99r0xu6v55 (citizen) fetched 3 issues
2025-09-12T08:02:10.700Z info: User cmfe6sb090000jb99r0xu6v55 (citizen) fetched 4 issues
2025-09-12T08:02:16.577Z info: User fac9801b-f967-4e66-853f-808bb6b33a0e (admin) fetched 4 issues
2025-09-12T08:06:17.620Z info: User fac9801b-f967-4e66-853f-808bb6b33a0e (admin) fetched 4 issues
2025-09-12T08:06:20.565Z info: User fac9801b-f967-4e66-853f-808bb6b33a0e (admin) fetched 4 issues
2025-09-12T08:12:01.520Z info: User fac9801b-f967-4e66-853f-808bb6b33a0e (admin) fetched 4 issues
2025-09-12T08:12:15.478Z info: User cmfe6sb090000jb99r0xu6v55 (citizen) fetched 4 issues
2025-09-12T08:12:51.795Z info: User cmfe6sb090000jb99r0xu6v55 (citizen) fetched 5 issues
2025-09-12T08:12:57.514Z info: User fac9801b-f967-4e66-853f-808bb6b33a0e (admin) fetched 5 issues
2025-09-12T08:14:10.533Z info: User cmfe6sb090000jb99r0xu6v55 (citizen) fetched 5 issues
2025-09-12T08:14:30.075Z info: User cmfe6sb090000jb99r0xu6v55 (citizen) fetched 6 issues
2025-09-12T08:14:34.983Z info: User fac9801b-f967-4e66-853f-808bb6b33a0e (admin) fetched 6 issues
2025-09-12T08:14:47.732Z info: User cmfe6sb090000jb99r0xu6v55 (citizen) fetched 6 issues
2025-09-12T08:16:19.112Z info: User cmfe6sb090000jb99r0xu6v55 (citizen) fetched 7 issues
2025-09-12T08:16:30.654Z info: User fac9801b-f967-4e66-853f-808bb6b33a0e (admin) fetched 7 issues
2025-09-12T08:30:32.524Z info: User cmfe6sb090000jb99r0xu6v55 (citizen) fetched 7 issues
2025-09-12T08:31:36.753Z info: User cmfe6sb090000jb99r0xu6v55 (citizen) fetched 8 issues
2025-09-12T08:31:49.466Z info: User fac9801b-f967-4e66-853f-808bb6b33a0e (admin) fetched 8 issues
2025-09-12T08:38:32.845Z info: User cmfe6sb090000jb99r0xu6v55 (citizen) fetched 8 issues
2025-09-12T08:39:05.701Z info: User cmfe6sb090000jb99r0xu6v55 (citizen) fetched 9 issues
2025-09-12T08:39:16.784Z info: User fac9801b-f967-4e66-853f-808bb6b33a0e (admin) fetched 9 issues
2025-09-12T08:57:26.107Z info: User cmfe6sb090000jb99r0xu6v55 (citizen) fetched 9 issues
2025-09-12T08:58:00.131Z info: User cmfe6sb090000jb99r0xu6v55 (citizen) fetched 10 issues
2025-09-12T08:58:12.622Z info: User fac9801b-f967-4e66-853f-808bb6b33a0e (admin) fetched 10 issues
2025-09-12T08:58:52.747Z info: User fac9801b-f967-4e66-853f-808bb6b33a0e (admin) fetched 10 issues
2025-09-12T09:13:11.794Z info: User fac9801b-f967-4e66-853f-808bb6b33a0e (admin) fetched 10 issues
2025-09-12T09:13:20.724Z info: User cmfe6sb090000jb99r0xu6v55 (citizen) fetched 10 issues
2025-09-12T09:15:55.745Z info: User cmfe6sb090000jb99r0xu6v55 (citizen) fetched 11 issues
2025-09-12T09:16:03.615Z info: User fac9801b-f967-4e66-853f-808bb6b33a0e (admin) fetched 11 issues
2025-09-12T12:23:30.553Z info: User cmfe6sb090000jb99r0xu6v55 (citizen) fetched 11 issues
2025-09-12T12:24:08.198Z info: User cmfe6sb090000jb99r0xu6v55 (citizen) fetched 12 issues
2025-09-12T12:24:21.863Z info: User fac9801b-f967-4e66-853f-808bb6b33a0e (admin) fetched 12 issues
2025-09-12T12:25:30.073Z info: User fac9801b-f967-4e66-853f-808bb6b33a0e (admin) fetched 12 issues
2025-09-12T12:28:19.569Z info: User fac9801b-f967-4e66-853f-808bb6b33a0e (admin) fetched 12 issues
2025-09-12T12:28:25.898Z info: User fac9801b-f967-4e66-853f-808bb6b33a0e (admin) fetched 12 issues
2025-09-12T12:58:23.319Z info: User fac9801b-f967-4e66-853f-808bb6b33a0e (admin) fetched 12 issues
2025-09-12T13:29:16.194Z info: User fac9801b-f967-4e66-853f-808bb6b33a0e (admin) fetched 12 issues
2025-09-12T13:29:44.004Z info: User cmfe6sb090000jb99r0xu6v55 (citizen) fetched 12 issues
2025-09-12T13:30:13.529Z info: User fac9801b-f967-4e66-853f-808bb6b33a0e (admin) fetched 12 issues
2025-09-12T13:47:26.322Z info: User fac9801b-f967-4e66-853f-808bb6b33a0e (admin) fetched 12 issues
2025-09-12T14:02:39.247Z info: User fac9801b-f967-4e66-853f-808bb6b33a0e (admin) fetched 12 issues
2025-09-12T14:40:19.283Z info: User fac9801b-f967-4e66-853f-808bb6b33a0e (admin) fetched 12 issues
2025-09-12T14:40:29.159Z info: User fac9801b-f967-4e66-853f-808bb6b33a0e (admin) fetched 12 issues
2025-09-13T03:50:37.622Z info: User fac9801b-f967-4e66-853f-808bb6b33a0e (admin) fetched 12 issues
2025-09-13T03:56:15.338Z info: User fac9801b-f967-4e66-853f-808bb6b33a0e (admin) fetched 12 issues
2025-09-13T04:24:30.990Z info: User fac9801b-f967-4e66-853f-808bb6b33a0e (admin) fetched 12 issues
2025-09-13T04:29:02.281Z info: User fac9801b-f967-4e66-853f-808bb6b33a0e (admin) fetched 12 issues
2025-09-13T04:29:25.787Z info: User fac9801b-f967-4e66-853f-808bb6b33a0e (admin) fetched 12 issues
2025-09-13T04:31:17.985Z info: User fac9801b-f967-4e66-853f-808bb6b33a0e (admin) fetched 12 issues
2025-09-13T04:31:51.778Z info: User fac9801b-f967-4e66-853f-808bb6b33a0e (admin) fetched 12 issues
2025-09-13T04:32:04.969Z info: User fac9801b-f967-4e66-853f-808bb6b33a0e (admin) fetched 12 issues
2025-09-13T04:36:50.945Z info: User fac9801b-f967-4e66-853f-808bb6b33a0e (admin) fetched 12 issues
2025-09-13T04:36:53.677Z info: User fac9801b-f967-4e66-853f-808bb6b33a0e (admin) fetched 12 issues
2025-09-13T04:37:25.067Z info: User fac9801b-f967-4e66-853f-808bb6b33a0e (admin) fetched 12 issues
2025-09-13T04:39:37.020Z info: User fac9801b-f967-4e66-853f-808bb6b33a0e (admin) fetched 12 issues
2025-09-13T04:40:07.730Z info: User fac9801b-f967-4e66-853f-808bb6b33a0e (admin) fetched 12 issues
2025-09-13T05:16:24.442Z info: User fac9801b-f967-4e66-853f-808bb6b33a0e (admin) fetched 12 issues
2025-09-13T05:16:39.607Z info: User fac9801b-f967-4e66-853f-808bb6b33a0e (admin) fetched 12 issues
2025-09-13T05:16:55.078Z error: Update issue error
2025-09-13T05:17:02.677Z error: Update issue error
2025-09-13T05:28:13.313Z info: User fac9801b-f967-4e66-853f-808bb6b33a0e (admin) fetched 12 issues
2025-09-13T05:28:28.121Z info: User fac9801b-f967-4e66-853f-808bb6b33a0e (admin) fetched 12 issues
2025-09-13T05:28:58.906Z info: User cmfe6sb090000jb99r0xu6v55 (citizen) fetched 12 issues
2025-09-13T05:29:26.159Z info: User fac9801b-f967-4e66-853f-808bb6b33a0e (admin) fetched 12 issues
2025-09-13T05:30:21.435Z info: User cmfe6sb090000jb99r0xu6v55 (citizen) fetched 12 issues
2025-09-13T05:35:00.597Z info: User cmfe6sb090000jb99r0xu6v55 (citizen) fetched 12 issues
2025-09-13T05:35:07.961Z info: User fac9801b-f967-4e66-853f-808bb6b33a0e (admin) fetched 12 issues
2025-09-13T05:35:19.296Z info: User fac9801b-f967-4e66-853f-808bb6b33a0e (admin) fetched 12 issues
2025-09-13T05:35:40.151Z info: User fac9801b-f967-4e66-853f-808bb6b33a0e (admin) fetched 12 issues
2025-09-13T05:36:15.091Z info: User fac9801b-f967-4e66-853f-808bb6b33a0e (admin) fetched 12 issues
2025-09-13T05:36:41.315Z info: User fac9801b-f967-4e66-853f-808bb6b33a0e (admin) fetched 12 issues
2025-09-13T05:36:48.560Z info: User cmfe6sb090000jb99r0xu6v55 (citizen) fetched 12 issues
2025-09-13T05:43:34.772Z info: User cmfe6sb090000jb99r0xu6v55 (citizen) fetched 12 issues
2025-09-13T05:43:57.084Z info: User cmfe6sb090000jb99r0xu6v55 (citizen) fetched 12 issues
2025-09-13T05:44:02.513Z info: User fac9801b-f967-4e66-853f-808bb6b33a0e (admin) fetched 12 issues
2025-09-13T05:47:48.205Z info: User fac9801b-f967-4e66-853f-808bb6b33a0e (admin) fetched 12 issues
2025-09-13T05:52:06.250Z info: User fac9801b-f967-4e66-853f-808bb6b33a0e (admin) fetched 12 issues
2025-09-13T05:54:37.830Z info: User fac9801b-f967-4e66-853f-808bb6b33a0e (admin) fetched 12 issues
2025-09-13T05:54:47.313Z info: User fac9801b-f967-4e66-853f-808bb6b33a0e (admin) fetched 12 issues
2025-09-13T05:55:01.960Z info: User fac9801b-f967-4e66-853f-808bb6b33a0e (admin) fetched 12 issues
2025-09-13T05:57:28.931Z info: User fac9801b-f967-4e66-853f-808bb6b33a0e (admin) fetched 12 issues
2025-09-13T06:19:37.217Z info: User fac9801b-f967-4e66-853f-808bb6b33a0e (admin) fetched 12 issues
2025-09-13T06:27:56.957Z info: User fac9801b-f967-4e66-853f-808bb6b33a0e (admin) fetched 12 issues
2025-09-13T06:29:30.414Z info: User fac9801b-f967-4e66-853f-808bb6b33a0e (admin) fetched 12 issues
2025-09-13T06:30:01.698Z info: User fac9801b-f967-4e66-853f-808bb6b33a0e (admin) fetched 12 issues
2025-09-13T06:30:12.788Z info: User fac9801b-f967-4e66-853f-808bb6b33a0e (admin) fetched 12 issues
2025-09-13T06:35:36.217Z info: User fac9801b-f967-4e66-853f-808bb6b33a0e (admin) fetched 12 issues
2025-09-13T06:35:51.269Z info: User fac9801b-f967-4e66-853f-808bb6b33a0e (admin) fetched 12 issues
2025-09-13T06:36:04.539Z info: User fac9801b-f967-4e66-853f-808bb6b33a0e (admin) fetched 12 issues
2025-09-13T06:42:30.852Z info: User fac9801b-f967-4e66-853f-808bb6b33a0e (admin) fetched 12 issues
2025-09-13T06:43:42.269Z info: User fac9801b-f967-4e66-853f-808bb6b33a0e (admin) fetched 12 issues
2025-09-13T06:43:49.670Z info: User fac9801b-f967-4e66-853f-808bb6b33a0e (admin) fetched 12 issues
2025-09-13T06:44:34.685Z info: User fac9801b-f967-4e66-853f-808bb6b33a0e (admin) fetched 12 issues
2025-09-13T06:44:45.587Z info: User fac9801b-f967-4e66-853f-808bb6b33a0e (admin) fetched 12 issues
2025-09-13T06:46:11.575Z info: User fac9801b-f967-4e66-853f-808bb6b33a0e (admin) fetched 12 issues
2025-09-13T06:47:56.558Z info: User fac9801b-f967-4e66-853f-808bb6b33a0e (admin) fetched 12 issues
2025-09-13T06:48:10.931Z info: User fac9801b-f967-4e66-853f-808bb6b33a0e (admin) fetched 12 issues
2025-09-13T06:48:17.839Z info: User fac9801b-f967-4e66-853f-808bb6b33a0e (admin) fetched 12 issues
2025-09-13T06:48:22.323Z info: User fac9801b-f967-4e66-853f-808bb6b33a0e (admin) fetched 12 issues
2025-09-13T06:48:26.206Z info: User fac9801b-f967-4e66-853f-808bb6b33a0e (admin) fetched 12 issues
2025-09-13T06:51:18.336Z info: User fac9801b-f967-4e66-853f-808bb6b33a0e (admin) fetched 12 issues
2025-09-13T06:51:54.338Z info: User fac9801b-f967-4e66-853f-808bb6b33a0e (admin) fetched 12 issues
2025-09-13T06:57:20.481Z info: User fac9801b-f967-4e66-853f-808bb6b33a0e (admin) fetched 12 issues
2025-09-13T06:57:48.685Z info: User fac9801b-f967-4e66-853f-808bb6b33a0e (admin) fetched 12 issues
2025-09-13T06:59:02.500Z info: User fac9801b-f967-4e66-853f-808bb6b33a0e (admin) fetched 12 issues
2025-09-13T07:08:30.564Z info: User fac9801b-f967-4e66-853f-808bb6b33a0e (admin) fetched 12 issues
2025-09-13T07:11:00.458Z info: User fac9801b-f967-4e66-853f-808bb6b33a0e (admin) fetched 12 issues
